<?xml version="1.0" encoding="UTF-8"?>
<testsuite name="lv.javaguru.java2.library.dependency_injection.DIComponentFilterTest" tests="1" skipped="0" failures="0" errors="0" timestamp="2023-03-27T15:55:36" hostname="VSAVONINS" time="0.021">
  <properties/>
  <testcase name="test" classname="lv.javaguru.java2.library.dependency_injection.DIComponentFilterTest" time="0.021"/>
  <system-out><![CDATA[]]></system-out>
  <system-err><![CDATA[]]></system-err>
</testsuite>
