<?xml version="1.0" encoding="UTF-8"?>
<testsuite name="lv.javaguru.java2.library.core.services.GetAllBooksServiceTest" tests="1" skipped="0" failures="0" errors="0" timestamp="2023-03-27T15:55:36" hostname="VSAVONINS" time="0.001">
  <properties/>
  <testcase name="shouldGetBooksFromDb" classname="lv.javaguru.java2.library.core.services.GetAllBooksServiceTest" time="0.001"/>
  <system-out><![CDATA[]]></system-out>
  <system-err><![CDATA[]]></system-err>
</testsuite>
