<?xml version="1.0" encoding="UTF-8"?>
<testsuite name="lv.javaguru.java2.library.core.services.SearchBooksServiceTest" tests="8" skipped="0" failures="0" errors="0" timestamp="2023-03-27T15:55:36" hostname="VSAVONINS" time="0.027">
  <properties/>
  <testcase name="shouldSearchByTitleWithPagingFirstPage" classname="lv.javaguru.java2.library.core.services.SearchBooksServiceTest" time="0.016"/>
  <testcase name="shouldSearchByTitleWithOrderingDescending" classname="lv.javaguru.java2.library.core.services.SearchBooksServiceTest" time="0.001"/>
  <testcase name="shouldSearchByTitleWithPagingSecondPage" classname="lv.javaguru.java2.library.core.services.SearchBooksServiceTest" time="0.001"/>
  <testcase name="shouldSearchByTitle" classname="lv.javaguru.java2.library.core.services.SearchBooksServiceTest" time="0.002"/>
  <testcase name="shouldSearchByTitleWithOrderingAscending" classname="lv.javaguru.java2.library.core.services.SearchBooksServiceTest" time="0.001"/>
  <testcase name="shouldSearchByTitleAndAuthor" classname="lv.javaguru.java2.library.core.services.SearchBooksServiceTest" time="0.002"/>
  <testcase name="shouldReturnResponseWithErrorsWhenValidatorFails" classname="lv.javaguru.java2.library.core.services.SearchBooksServiceTest" time="0.002"/>
  <testcase name="shouldSearchByAuthor" classname="lv.javaguru.java2.library.core.services.SearchBooksServiceTest" time="0.002"/>
  <system-out><![CDATA[]]></system-out>
  <system-err><![CDATA[]]></system-err>
</testsuite>
