<?xml version="1.0" encoding="UTF-8"?>
<testsuite name="lv.javaguru.java2.library.core.services.RemoveBookServiceTest" tests="2" skipped="0" failures="0" errors="0" timestamp="2023-03-27T15:55:36" hostname="VSAVONINS" time="0.015">
  <properties/>
  <testcase name="shouldReturnErrorWhenBookIdNotProvided" classname="lv.javaguru.java2.library.core.services.RemoveBookServiceTest" time="0.013"/>
  <testcase name="shouldDeleteBookWithIdFromDatabase" classname="lv.javaguru.java2.library.core.services.RemoveBookServiceTest" time="0.002"/>
  <system-out><![CDATA[]]></system-out>
  <system-err><![CDATA[]]></system-err>
</testsuite>
