<?xml version="1.0" encoding="UTF-8"?>
<testsuite name="lv.javaguru.java2.library.core.services.AddBookServiceTest" tests="6" skipped="0" failures="0" errors="0" timestamp="2023-03-27T15:55:36" hostname="VSAVONINS" time="0.507">
  <properties/>
  <testcase name="shouldReturnResponseWithErrorsReceivedFromValidator" classname="lv.javaguru.java2.library.core.services.AddBookServiceTest" time="0.49"/>
  <testcase name="shouldNotInvokeDatabaseWhenRequestValidationFails" classname="lv.javaguru.java2.library.core.services.AddBookServiceTest" time="0.003"/>
  <testcase name="shouldReturnResponseWithBookWhenRequestIsValid" classname="lv.javaguru.java2.library.core.services.AddBookServiceTest" time="0.002"/>
  <testcase name="shouldAddBookToDatabaseWhenRequestIsValid" classname="lv.javaguru.java2.library.core.services.AddBookServiceTest" time="0.008"/>
  <testcase name="shouldReturnResponseWithErrorsWhenValidationFails" classname="lv.javaguru.java2.library.core.services.AddBookServiceTest" time="0.001"/>
  <testcase name="shouldReturnResponseWithoutErrorsWhenRequestIsValid" classname="lv.javaguru.java2.library.core.services.AddBookServiceTest" time="0.001"/>
  <system-out><![CDATA[]]></system-out>
  <system-err><![CDATA[]]></system-err>
</testsuite>
