<?xml version="1.0" encoding="UTF-8"?>
<testsuite name="lv.javaguru.java2.library.dependency_injection.ClassFinderTest" tests="1" skipped="0" failures="0" errors="0" timestamp="2023-03-27T15:55:36" hostname="VSAVONINS" time="0.071">
  <properties/>
  <testcase name="test" classname="lv.javaguru.java2.library.dependency_injection.ClassFinderTest" time="0.071"/>
  <system-out><![CDATA[lv.javaguru.java2.library.console_ui.UIAction
lv.javaguru.java2.library.core.responses.GetAllBooksResponse
lv.javaguru.java2.library.console_ui.ProgramMenu
lv.javaguru.java2.library.dependency_injection.DIApplicationContextBuilder
lv.javaguru.java2.library.core.services.AddBookServiceTest
lv.javaguru.java2.library.dependency_injection.DIComponentFilter
lv.javaguru.java2.library.core.requests.RemoveBookRequest
lv.javaguru.java2.library.core.responses.AddBookResponse
lv.javaguru.java2.library.core.requests.GetAllBooksRequest
lv.javaguru.java2.library.core.responses.RemoveBookResponse
lv.javaguru.java2.library.core.domain.Book
lv.javaguru.java2.library.matchers.BookMatcher
lv.javaguru.java2.library.core.services.validators.SearchBooksRequestValidatorTest
lv.javaguru.java2.library.core.requests.SearchBooksRequest
lv.javaguru.java2.library.dependency_injection.DIDependency
lv.javaguru.java2.library.core.services.SearchBooksServiceTest
lv.javaguru.java2.library.console_ui.AddBookUIAction
lv.javaguru.java2.library.core.services.validators.SearchBooksRequestValidator
lv.javaguru.java2.library.core.services.SearchBooksService
lv.javaguru.java2.library.dependency_injection.DIDependencyResolver
lv.javaguru.java2.library.core.requests.AddBookRequest
lv.javaguru.java2.library.dependency_injection.ClassFinder
lv.javaguru.java2.library.console_ui.GetAllBooksUIAction
lv.javaguru.java2.library.core.responses.SearchBooksResponse
lv.javaguru.java2.library.core.responses.CoreError
lv.javaguru.java2.library.integrationtests.SpringContextTest
lv.javaguru.java2.library.console_ui.SearchBooksUIAction
lv.javaguru.java2.library.core.services.GetAllBooksServiceTest
lv.javaguru.java2.library.core.database.Database
lv.javaguru.java2.library.dependency_injection.ApplicationContext
lv.javaguru.java2.library.core.services.RemoveBookServiceTest
lv.javaguru.java2.library.dependency_injection.DIComponentFilterTest
lv.javaguru.java2.library.dependency_injection.ClassFinderTest
lv.javaguru.java2.library.core.requests.Ordering
lv.javaguru.java2.library.dependency_injection.DIComponentCreator
lv.javaguru.java2.library.console_ui.ExitUIAction
lv.javaguru.java2.library.core.services.validators.AddBookRequestValidatorTest
lv.javaguru.java2.library.core.services.validators.RemoveBookRequestValidatorTest
lv.javaguru.java2.library.core.services.GetAllBooksService
lv.javaguru.java2.library.core.services.validators.RemoveBookRequestValidator
lv.javaguru.java2.library.console_ui.RemoveBookUIAction
lv.javaguru.java2.library.dependency_injection.DIComponent
lv.javaguru.java2.library.core.services.AddBookService
lv.javaguru.java2.library.core.database.InMemoryDatabaseImpl
lv.javaguru.java2.library.core.services.validators.AddBookRequestValidator
lv.javaguru.java2.library.core.responses.CoreResponse
lv.javaguru.java2.library.core.requests.Paging
lv.javaguru.java2.library.config.BookListConfiguration
lv.javaguru.java2.library.BookListApplication
lv.javaguru.java2.library.acceptancetests.AcceptanceTest2
lv.javaguru.java2.library.acceptancetests.AcceptanceTest1
lv.javaguru.java2.library.core.services.RemoveBookService
]]></system-out>
  <system-err><![CDATA[]]></system-err>
</testsuite>
