<?xml version="1.0" encoding="UTF-8"?>
<testsuite name="lv.javaguru.java2.library.core.services.validators.AddBookRequestValidatorTest" tests="4" skipped="0" failures="0" errors="0" timestamp="2023-03-27T15:55:36" hostname="VSAVONINS" time="0.001">
  <properties/>
  <testcase name="shouldSuccess" classname="lv.javaguru.java2.library.core.services.validators.AddBookRequestValidatorTest" time="0.0"/>
  <testcase name="shouldReturnErrorWhenAuthorIsNull" classname="lv.javaguru.java2.library.core.services.validators.AddBookRequestValidatorTest" time="0.0"/>
  <testcase name="shouldReturnErrorWhenTitleIsNull" classname="lv.javaguru.java2.library.core.services.validators.AddBookRequestValidatorTest" time="0.001"/>
  <testcase name="shouldReturnErrorsWhenAuthorAndTitleIsNull" classname="lv.javaguru.java2.library.core.services.validators.AddBookRequestValidatorTest" time="0.0"/>
  <system-out><![CDATA[]]></system-out>
  <system-err><![CDATA[]]></system-err>
</testsuite>
