<?xml version="1.0" encoding="UTF-8"?>
<testsuite name="lv.javaguru.java2.library.acceptancetests.AcceptanceTest2" tests="4" skipped="0" failures="0" errors="0" timestamp="2023-03-27T15:55:36" hostname="VSAVONINS" time="0.204">
  <properties/>
  <testcase name="searchBooksOrderingDescending" classname="lv.javaguru.java2.library.acceptancetests.AcceptanceTest2" time="0.059"/>
  <testcase name="searchBooks" classname="lv.javaguru.java2.library.acceptancetests.AcceptanceTest2" time="0.048"/>
  <testcase name="searchBooksOrderingPaging" classname="lv.javaguru.java2.library.acceptancetests.AcceptanceTest2" time="0.051"/>
  <testcase name="searchBooksOrderingAscending" classname="lv.javaguru.java2.library.acceptancetests.AcceptanceTest2" time="0.046"/>
  <system-out><![CDATA[]]></system-out>
  <system-err><![CDATA[]]></system-err>
</testsuite>
