<?xml version="1.0" encoding="UTF-8"?>
<testsuite name="lv.javaguru.java2.library.integrationtests.SpringContextTest" tests="1" skipped="0" failures="0" errors="0" timestamp="2023-03-27T15:55:37" hostname="VSAVONINS" time="0.004">
  <properties/>
  <testcase name="start" classname="lv.javaguru.java2.library.integrationtests.SpringContextTest" time="0.004"/>
  <system-out><![CDATA[]]></system-out>
  <system-err><![CDATA[Mar 27, 2023 6:55:36 PM org.springframework.test.context.support.AbstractTestContextBootstrapper getDefaultTestExecutionListenerClassNames
INFO: Loaded default TestExecutionListener class names from location [META-INF/spring.factories]: [org.springframework.test.context.web.ServletTestExecutionListener, org.springframework.test.context.support.DirtiesContextBeforeModesTestExecutionListener, org.springframework.test.context.event.ApplicationEventsTestExecutionListener, org.springframework.test.context.support.DependencyInjectionTestExecutionListener, org.springframework.test.context.support.DirtiesContextTestExecutionListener, org.springframework.test.context.transaction.TransactionalTestExecutionListener, org.springframework.test.context.jdbc.SqlScriptsTestExecutionListener, org.springframework.test.context.event.EventPublishingTestExecutionListener]
Mar 27, 2023 6:55:36 PM org.springframework.test.context.support.AbstractTestContextBootstrapper getTestExecutionListeners
INFO: Using TestExecutionListeners: [org.springframework.test.context.support.DirtiesContextBeforeModesTestExecutionListener@2b917fb0, org.springframework.test.context.event.ApplicationEventsTestExecutionListener@5e5073ab, org.springframework.test.context.support.DependencyInjectionTestExecutionListener@3c4262d1, org.springframework.test.context.support.DirtiesContextTestExecutionListener@100c567f, org.springframework.test.context.event.EventPublishingTestExecutionListener@30c0d731]
]]></system-err>
</testsuite>
