<?xml version="1.0" encoding="UTF-8"?>
<testsuite name="lv.javaguru.java2.library.acceptancetests.AcceptanceTest1" tests="1" skipped="0" failures="0" errors="0" timestamp="2023-03-27T15:55:35" hostname="VSAVONINS" time="0.654">
  <properties/>
  <testcase name="shouldReturnCorrectBookList" classname="lv.javaguru.java2.library.acceptancetests.AcceptanceTest1" time="0.654"/>
  <system-out><![CDATA[]]></system-out>
  <system-err><![CDATA[]]></system-err>
</testsuite>
