<?xml version="1.0" encoding="UTF-8"?>
<testsuite name="lv.javaguru.java2.library.core.services.validators.SearchBooksRequestValidatorTest" tests="12" skipped="0" failures="0" errors="0" timestamp="2023-03-27T15:55:36" hostname="VSAVONINS" time="0.003">
  <properties/>
  <testcase name="shouldReturnErrorWhenOrderByAreEmpty" classname="lv.javaguru.java2.library.core.services.validators.SearchBooksRequestValidatorTest" time="0.001"/>
  <testcase name="shouldReturnErrorWhenOrderByContainNotValidValue" classname="lv.javaguru.java2.library.core.services.validators.SearchBooksRequestValidatorTest" time="0.0"/>
  <testcase name="shouldNotReturnErrorsWhenAuthorIsProvided" classname="lv.javaguru.java2.library.core.services.validators.SearchBooksRequestValidatorTest" time="0.0"/>
  <testcase name="shouldNotReturnErrorsWhenTitleIsProvided" classname="lv.javaguru.java2.library.core.services.validators.SearchBooksRequestValidatorTest" time="0.0"/>
  <testcase name="shouldReturnErrorWhenPageNumberAreEmpty" classname="lv.javaguru.java2.library.core.services.validators.SearchBooksRequestValidatorTest" time="0.001"/>
  <testcase name="shouldReturnErrorWhenPageSizeAreEmpty" classname="lv.javaguru.java2.library.core.services.validators.SearchBooksRequestValidatorTest" time="0.0"/>
  <testcase name="shouldReturnErrorWhenOrderDirectionContainNotValidValue" classname="lv.javaguru.java2.library.core.services.validators.SearchBooksRequestValidatorTest" time="0.0"/>
  <testcase name="shouldReturnErrorWhenPageSizeContainNotValidValue" classname="lv.javaguru.java2.library.core.services.validators.SearchBooksRequestValidatorTest" time="0.0"/>
  <testcase name="shouldReturnErrorWhenSearchFieldsAreEmpty" classname="lv.javaguru.java2.library.core.services.validators.SearchBooksRequestValidatorTest" time="0.0"/>
  <testcase name="shouldReturnErrorWhenOrderDirectionAreEmpty" classname="lv.javaguru.java2.library.core.services.validators.SearchBooksRequestValidatorTest" time="0.0"/>
  <testcase name="shouldNotReturnErrorsWhenTitleAndAuthorIsProvided" classname="lv.javaguru.java2.library.core.services.validators.SearchBooksRequestValidatorTest" time="0.0"/>
  <testcase name="shouldReturnErrorWhenPageNumberContainNotValidValue" classname="lv.javaguru.java2.library.core.services.validators.SearchBooksRequestValidatorTest" time="0.0"/>
  <system-out><![CDATA[]]></system-out>
  <system-err><![CDATA[]]></system-err>
</testsuite>
