<?xml version="1.0" encoding="UTF-8"?>
<testsuite name="lv.javaguru.java2.library.dependency_injection.DIComponentFilterTest" tests="1" skipped="0" failures="0" errors="0" timestamp="2023-03-27T15:55:36" hostname="VSAVONINS" time="0.017">
  <properties/>
  <testcase name="test" classname="lv.javaguru.java2.library.dependency_injection.DIComponentFilterTest" time="0.017"/>
  <system-out><![CDATA[lv.javaguru.java2.library.console_ui.AddBookUIAction
lv.javaguru.java2.library.core.services.validators.SearchBooksRequestValidator
lv.javaguru.java2.library.core.services.SearchBooksService
lv.javaguru.java2.library.console_ui.GetAllBooksUIAction
lv.javaguru.java2.library.console_ui.SearchBooksUIAction
lv.javaguru.java2.library.console_ui.ExitUIAction
lv.javaguru.java2.library.core.services.GetAllBooksService
lv.javaguru.java2.library.core.services.validators.RemoveBookRequestValidator
lv.javaguru.java2.library.console_ui.RemoveBookUIAction
lv.javaguru.java2.library.core.services.AddBookService
lv.javaguru.java2.library.core.database.InMemoryDatabaseImpl
lv.javaguru.java2.library.core.services.validators.AddBookRequestValidator
lv.javaguru.java2.library.core.services.RemoveBookService
]]></system-out>
  <system-err><![CDATA[]]></system-err>
</testsuite>
