<?xml version="1.0" encoding="UTF-8"?>
<testsuite name="lv.javaguru.java2.library.acceptancetests.AcceptanceTest2" tests="4" skipped="0" failures="0" errors="0" timestamp="2023-03-27T15:55:35" hostname="VSAVONINS" time="0.11">
  <properties/>
  <testcase name="searchBooksOrderingDescending" classname="lv.javaguru.java2.library.acceptancetests.AcceptanceTest2" time="0.033"/>
  <testcase name="searchBooks" classname="lv.javaguru.java2.library.acceptancetests.AcceptanceTest2" time="0.026"/>
  <testcase name="searchBooksOrderingPaging" classname="lv.javaguru.java2.library.acceptancetests.AcceptanceTest2" time="0.031"/>
  <testcase name="searchBooksOrderingAscending" classname="lv.javaguru.java2.library.acceptancetests.AcceptanceTest2" time="0.02"/>
  <system-out><![CDATA[]]></system-out>
  <system-err><![CDATA[]]></system-err>
</testsuite>
